2012-10-06 14:46:26,953 DEBUG [com.anuragkapur.hth.twitterclient.UserStream.main()] com.anuragkapur.hth.twitterclient.UserStream  - {"friends":[]}
2012-10-06 14:46:26,953 DEBUG [com.anuragkapur.hth.twitterclient.UserStream.main()] com.anuragkapur.hth.twitterclient.UserStream  - {"friends":[]}
2012-10-06 14:46:26,956 DEBUG [com.anuragkapur.hth.twitterclient.UserStream.main()] com.anuragkapur.hth.twitterclient.UserStream  - 
2012-10-06 14:46:26,956 DEBUG [com.anuragkapur.hth.twitterclient.UserStream.main()] com.anuragkapur.hth.twitterclient.UserStream  - 
2012-10-06 14:49:57,791 INFO  [com.anuragkapur.hth.twitterclient.UserStream.main()] com.anuragkapur.hth.dao.TweetsDAO  - Inserting tweet into DB :: { "_id" : "254579231265267712" , "coordinates" :  null  , "time" : "1500" , "from" : "victoria" , "to" : "islington" , "twitterHandle" : "anuragkapur" , "serviced" :  null }
2012-10-06 14:51:25,057 INFO  [pool-1-thread-1] com.anuragkapur.hth.matcher.RideMatchFinder  - Will process ride requests
2012-10-06 14:51:25,178 INFO  [pool-1-thread-1] com.anuragkapur.hth.dao.TweetsDAO  - No unprocessed requests
2012-10-06 14:51:28,182 INFO  [pool-1-thread-1] com.anuragkapur.hth.matcher.RideMatchFinder  - Will process ride requests
2012-10-06 14:51:28,183 INFO  [pool-1-thread-1] com.anuragkapur.hth.dao.TweetsDAO  - No unprocessed requests
2012-10-06 14:51:31,186 INFO  [pool-1-thread-1] com.anuragkapur.hth.matcher.RideMatchFinder  - Will process ride requests
2012-10-06 14:51:31,188 INFO  [pool-1-thread-1] com.anuragkapur.hth.dao.TweetsDAO  - No unprocessed requests
2012-10-06 14:51:34,190 INFO  [pool-1-thread-1] com.anuragkapur.hth.matcher.RideMatchFinder  - Will process ride requests
2012-10-06 14:51:34,190 INFO  [pool-1-thread-1] com.anuragkapur.hth.dao.TweetsDAO  - No unprocessed requests
2012-10-06 14:51:37,192 INFO  [pool-1-thread-1] com.anuragkapur.hth.matcher.RideMatchFinder  - Will process ride requests
2012-10-06 14:51:37,193 INFO  [pool-1-thread-1] com.anuragkapur.hth.dao.TweetsDAO  - No unprocessed requests
2012-10-06 14:51:40,195 INFO  [pool-1-thread-1] com.anuragkapur.hth.matcher.RideMatchFinder  - Will process ride requests
2012-10-06 14:51:40,197 INFO  [pool-1-thread-1] com.anuragkapur.hth.dao.TweetsDAO  - No unprocessed requests
2012-10-06 14:51:43,199 INFO  [pool-1-thread-1] com.anuragkapur.hth.matcher.RideMatchFinder  - Will process ride requests
2012-10-06 14:51:43,200 INFO  [pool-1-thread-1] com.anuragkapur.hth.dao.TweetsDAO  - No unprocessed requests
2012-10-06 14:51:46,202 INFO  [pool-1-thread-1] com.anuragkapur.hth.matcher.RideMatchFinder  - Will process ride requests
2012-10-06 14:51:46,203 INFO  [pool-1-thread-1] com.anuragkapur.hth.dao.TweetsDAO  - No unprocessed requests
2012-10-06 14:51:49,207 INFO  [pool-1-thread-1] com.anuragkapur.hth.matcher.RideMatchFinder  - Will process ride requests
2012-10-06 14:51:49,209 INFO  [pool-1-thread-1] com.anuragkapur.hth.dao.TweetsDAO  - No unprocessed requests
2012-10-06 14:51:52,210 INFO  [pool-1-thread-1] com.anuragkapur.hth.matcher.RideMatchFinder  - Will process ride requests
2012-10-06 14:51:52,211 INFO  [pool-1-thread-1] com.anuragkapur.hth.dao.TweetsDAO  - No unprocessed requests
2012-10-06 14:54:28,097 INFO  [pool-1-thread-1] com.anuragkapur.hth.matcher.RideMatchFinder  - Will process ride requests
2012-10-06 14:54:28,231 INFO  [pool-1-thread-1] com.anuragkapur.hth.dao.TweetsDAO  - No unprocessed requests
2012-10-06 14:54:31,234 INFO  [pool-1-thread-1] com.anuragkapur.hth.matcher.RideMatchFinder  - Will process ride requests
2012-10-06 14:54:31,236 INFO  [pool-1-thread-1] com.anuragkapur.hth.dao.TweetsDAO  - No unprocessed requests
2012-10-06 14:54:34,238 INFO  [pool-1-thread-1] com.anuragkapur.hth.matcher.RideMatchFinder  - Will process ride requests
2012-10-06 14:54:34,240 INFO  [pool-1-thread-1] com.anuragkapur.hth.dao.TweetsDAO  - No unprocessed requests
2012-10-06 14:54:37,242 INFO  [pool-1-thread-1] com.anuragkapur.hth.matcher.RideMatchFinder  - Will process ride requests
2012-10-06 14:54:37,243 INFO  [pool-1-thread-1] com.anuragkapur.hth.dao.TweetsDAO  - No unprocessed requests
2012-10-06 14:54:40,244 INFO  [pool-1-thread-1] com.anuragkapur.hth.matcher.RideMatchFinder  - Will process ride requests
2012-10-06 14:54:40,245 INFO  [pool-1-thread-1] com.anuragkapur.hth.dao.TweetsDAO  - No unprocessed requests
2012-10-06 14:54:43,247 INFO  [pool-1-thread-1] com.anuragkapur.hth.matcher.RideMatchFinder  - Will process ride requests
2012-10-06 14:54:43,248 INFO  [pool-1-thread-1] com.anuragkapur.hth.dao.TweetsDAO  - No unprocessed requests
2012-10-06 14:54:46,250 INFO  [pool-1-thread-1] com.anuragkapur.hth.matcher.RideMatchFinder  - Will process ride requests
2012-10-06 14:54:46,252 INFO  [pool-1-thread-1] com.anuragkapur.hth.dao.TweetsDAO  - No unprocessed requests
2012-10-06 14:54:49,254 INFO  [pool-1-thread-1] com.anuragkapur.hth.matcher.RideMatchFinder  - Will process ride requests
2012-10-06 14:54:49,256 INFO  [pool-1-thread-1] com.anuragkapur.hth.dao.TweetsDAO  - No unprocessed requests
2012-10-06 14:54:52,260 INFO  [pool-1-thread-1] com.anuragkapur.hth.matcher.RideMatchFinder  - Will process ride requests
2012-10-06 14:54:52,261 INFO  [pool-1-thread-1] com.anuragkapur.hth.dao.TweetsDAO  - No unprocessed requests
2012-10-06 14:54:55,262 INFO  [pool-1-thread-1] com.anuragkapur.hth.matcher.RideMatchFinder  - Will process ride requests
2012-10-06 14:54:55,263 INFO  [pool-1-thread-1] com.anuragkapur.hth.dao.TweetsDAO  - No unprocessed requests
2012-10-06 14:54:58,265 INFO  [pool-1-thread-1] com.anuragkapur.hth.matcher.RideMatchFinder  - Will process ride requests
2012-10-06 14:54:58,266 INFO  [pool-1-thread-1] com.anuragkapur.hth.dao.TweetsDAO  - No unprocessed requests
2012-10-06 14:55:01,267 INFO  [pool-1-thread-1] com.anuragkapur.hth.matcher.RideMatchFinder  - Will process ride requests
2012-10-06 14:55:01,269 INFO  [pool-1-thread-1] com.anuragkapur.hth.dao.TweetsDAO  - No unprocessed requests
2012-10-06 14:55:04,271 INFO  [pool-1-thread-1] com.anuragkapur.hth.matcher.RideMatchFinder  - Will process ride requests
2012-10-06 14:55:04,273 INFO  [pool-1-thread-1] com.anuragkapur.hth.dao.TweetsDAO  - No unprocessed requests
2012-10-06 14:55:06,105 INFO  [com.anuragkapur.hth.twitterclient.UserStream.main()] com.anuragkapur.hth.dao.TweetsDAO  - Inserting tweet into DB :: { "_id" : "254580524406943745" , "coordinates" :  null  , "time" : "1500" , "from" : "victoria" , "to" : "islington" , "twitterHandle" : "anuragkapur" , "serviced" : "false"}
2012-10-06 14:55:07,275 INFO  [pool-1-thread-1] com.anuragkapur.hth.matcher.RideMatchFinder  - Will process ride requests
2012-10-06 14:55:10,278 INFO  [pool-1-thread-1] com.anuragkapur.hth.matcher.RideMatchFinder  - Will process ride requests
2012-10-06 14:55:13,283 INFO  [pool-1-thread-1] com.anuragkapur.hth.matcher.RideMatchFinder  - Will process ride requests
2012-10-06 14:55:16,288 INFO  [pool-1-thread-1] com.anuragkapur.hth.matcher.RideMatchFinder  - Will process ride requests
2012-10-06 14:55:19,291 INFO  [pool-1-thread-1] com.anuragkapur.hth.matcher.RideMatchFinder  - Will process ride requests
2012-10-06 14:55:22,293 INFO  [pool-1-thread-1] com.anuragkapur.hth.matcher.RideMatchFinder  - Will process ride requests
2012-10-06 14:55:25,298 INFO  [pool-1-thread-1] com.anuragkapur.hth.matcher.RideMatchFinder  - Will process ride requests
2012-10-06 14:55:28,301 INFO  [pool-1-thread-1] com.anuragkapur.hth.matcher.RideMatchFinder  - Will process ride requests
2012-10-06 14:55:31,305 INFO  [pool-1-thread-1] com.anuragkapur.hth.matcher.RideMatchFinder  - Will process ride requests
2012-10-06 14:55:34,309 INFO  [pool-1-thread-1] com.anuragkapur.hth.matcher.RideMatchFinder  - Will process ride requests
2012-10-06 14:55:37,311 INFO  [pool-1-thread-1] com.anuragkapur.hth.matcher.RideMatchFinder  - Will process ride requests
2012-10-06 14:55:40,314 INFO  [pool-1-thread-1] com.anuragkapur.hth.matcher.RideMatchFinder  - Will process ride requests
2012-10-06 14:55:43,318 INFO  [pool-1-thread-1] com.anuragkapur.hth.matcher.RideMatchFinder  - Will process ride requests
2012-10-06 14:55:46,328 INFO  [pool-1-thread-1] com.anuragkapur.hth.matcher.RideMatchFinder  - Will process ride requests
2012-10-06 14:55:46,920 INFO  [com.anuragkapur.hth.twitterclient.UserStream.main()] com.anuragkapur.hth.dao.TweetsDAO  - Inserting tweet into DB :: { "_id" : "254580695597461504" , "coordinates" :  null  , "time" : "1500" , "from" : "victoria" , "to" : "islington" , "twitterHandle" : "bartabaka" , "serviced" : "false"}
2012-10-06 14:55:49,330 INFO  [pool-1-thread-1] com.anuragkapur.hth.matcher.RideMatchFinder  - Will process ride requests
2012-10-06 14:55:49,333 INFO  [pool-1-thread-1] com.anuragkapur.hth.dao.TweetsDAO  - Matches found and served :: anuragkapur and bartabaka
2012-10-06 14:55:52,334 INFO  [pool-1-thread-1] com.anuragkapur.hth.matcher.RideMatchFinder  - Will process ride requests
2012-10-06 14:55:52,336 INFO  [pool-1-thread-1] com.anuragkapur.hth.dao.TweetsDAO  - No unprocessed requests
2012-10-06 14:55:55,337 INFO  [pool-1-thread-1] com.anuragkapur.hth.matcher.RideMatchFinder  - Will process ride requests
2012-10-06 14:55:55,338 INFO  [pool-1-thread-1] com.anuragkapur.hth.dao.TweetsDAO  - No unprocessed requests
2012-10-06 14:55:58,340 INFO  [pool-1-thread-1] com.anuragkapur.hth.matcher.RideMatchFinder  - Will process ride requests
2012-10-06 14:55:58,341 INFO  [pool-1-thread-1] com.anuragkapur.hth.dao.TweetsDAO  - No unprocessed requests
2012-10-06 14:56:01,343 INFO  [pool-1-thread-1] com.anuragkapur.hth.matcher.RideMatchFinder  - Will process ride requests
2012-10-06 14:56:01,344 INFO  [pool-1-thread-1] com.anuragkapur.hth.dao.TweetsDAO  - No unprocessed requests
2012-10-06 14:56:04,346 INFO  [pool-1-thread-1] com.anuragkapur.hth.matcher.RideMatchFinder  - Will process ride requests
2012-10-06 14:56:04,347 INFO  [pool-1-thread-1] com.anuragkapur.hth.dao.TweetsDAO  - No unprocessed requests
2012-10-06 14:56:07,349 INFO  [pool-1-thread-1] com.anuragkapur.hth.matcher.RideMatchFinder  - Will process ride requests
2012-10-06 14:56:07,351 INFO  [pool-1-thread-1] com.anuragkapur.hth.dao.TweetsDAO  - No unprocessed requests
2012-10-06 14:56:10,353 INFO  [pool-1-thread-1] com.anuragkapur.hth.matcher.RideMatchFinder  - Will process ride requests
2012-10-06 14:56:10,354 INFO  [pool-1-thread-1] com.anuragkapur.hth.dao.TweetsDAO  - No unprocessed requests
2012-10-06 14:56:13,356 INFO  [pool-1-thread-1] com.anuragkapur.hth.matcher.RideMatchFinder  - Will process ride requests
2012-10-06 14:56:13,357 INFO  [pool-1-thread-1] com.anuragkapur.hth.dao.TweetsDAO  - No unprocessed requests
2012-10-06 14:58:55,256 INFO  [pool-1-thread-1] com.anuragkapur.hth.matcher.RideMatchFinder  - Will process ride requests
2012-10-06 14:58:55,385 INFO  [pool-1-thread-1] com.anuragkapur.hth.dao.TweetsDAO  - No unprocessed requests
2012-10-06 14:58:58,388 INFO  [pool-1-thread-1] com.anuragkapur.hth.matcher.RideMatchFinder  - Will process ride requests
2012-10-06 14:58:58,390 INFO  [pool-1-thread-1] com.anuragkapur.hth.dao.TweetsDAO  - No unprocessed requests
2012-10-06 14:59:01,392 INFO  [pool-1-thread-1] com.anuragkapur.hth.matcher.RideMatchFinder  - Will process ride requests
2012-10-06 14:59:01,393 INFO  [pool-1-thread-1] com.anuragkapur.hth.dao.TweetsDAO  - No unprocessed requests
2012-10-06 14:59:04,395 INFO  [pool-1-thread-1] com.anuragkapur.hth.matcher.RideMatchFinder  - Will process ride requests
2012-10-06 14:59:04,397 INFO  [pool-1-thread-1] com.anuragkapur.hth.dao.TweetsDAO  - No unprocessed requests
2012-10-06 15:05:43,836 INFO  [com.anuragkapur.hth.twitterclient.UserStream.main()] com.anuragkapur.hth.dao.TweetsDAO  - Inserting tweet into DB :: { "_id" : "254583199185903617" , "coordinates" :  null  , "time" : "1530" , "from" : "oldstreet" , "to" : "waterloo" , "twitterHandle" : "bartabaka" , "serviced" : "false"}
2012-10-06 15:05:44,328 INFO  [com.anuragkapur.hth.twitterclient.UserStream.main()] com.anuragkapur.hth.dao.TweetsDAO  - Inserting tweet into DB :: { "_id" : "254583201136267265" , "coordinates" :  null  , "time" : "1530" , "from" : "oldstreet" , "to" : "waterloo" , "twitterHandle" : "pasupulaphani" , "serviced" : "false"}
2012-10-06 15:05:46,308 INFO  [pool-1-thread-1] com.anuragkapur.hth.dao.TweetsDAO  - Matches found and served :: bartabaka and pasupulaphani
2012-10-06 18:04:58,825 INFO  [com.anuragkapur.hth.twitterclient.UserStream.main()] com.anuragkapur.hth.dao.TweetsDAO  - Inserting tweet into DB :: { "_id" : "254628308497600512" , "coordinates" :  null  , "time" : "1830" , "from" : "oldstreet" , "to" : "stradford" , "twitterHandle" : "bartabaka" , "serviced" : "false"}
2012-10-06 18:05:34,511 INFO  [com.anuragkapur.hth.twitterclient.UserStream.main()] com.anuragkapur.hth.dao.TweetsDAO  - Inserting tweet into DB :: { "_id" : "254628458603368448" , "coordinates" :  null  , "time" : "1830" , "from" : "oldstreet" , "to" : "stradford" , "twitterHandle" : "anuragkapur" , "serviced" : "false"}
2012-10-06 18:05:38,095 INFO  [pool-1-thread-1] com.anuragkapur.hth.dao.TweetsDAO  - Matches found and served :: bartabaka and anuragkapur
2012-10-06 18:07:08,210 INFO  [com.anuragkapur.hth.twitterclient.UserStream.main()] com.anuragkapur.hth.dao.TweetsDAO  - Inserting tweet into DB :: { "_id" : "254628851299266560" , "coordinates" :  null  , "time" : "1830" , "from" : "oldstreet" , "to" : "stradford" , "twitterHandle" : "anuragkapur" , "serviced" : "false"}
2012-10-06 18:07:12,806 INFO  [pool-1-thread-1] com.anuragkapur.hth.dao.TweetsDAO  - Matches found and served :: anuragkapur and bartabaka
2012-10-06 18:08:30,194 INFO  [com.anuragkapur.hth.twitterclient.UserStream.main()] com.anuragkapur.hth.dao.TweetsDAO  - Inserting tweet into DB :: { "_id" : "254629195374796800" , "coordinates" :  null  , "time" : "1830" , "from" : "oldstreet" , "to" : "stradford" , "twitterHandle" : "anuragkapur" , "serviced" : "false"}
2012-10-06 18:08:34,146 INFO  [pool-1-thread-1] com.anuragkapur.hth.dao.TweetsDAO  - Matches found and served :: anuragkapur and bartabaka
2012-10-06 18:08:41,634 INFO  [com.anuragkapur.hth.twitterclient.UserStream.main()] com.anuragkapur.hth.dao.TweetsDAO  - Inserting tweet into DB :: { "_id" : "254629243366027264" , "coordinates" :  null  , "time" : "1830" , "from" : "oldstreet" , "to" : "stratford" , "twitterHandle" : "bartabaka" , "serviced" : "false"}
2012-10-06 18:11:36,142 INFO  [com.anuragkapur.hth.twitterclient.UserStream.main()] com.anuragkapur.hth.dao.TweetsDAO  - Inserting tweet into DB :: { "_id" : "254629974995251200" , "coordinates" :  null  , "time" : "1830" , "from" : "waterloo" , "to" : "victoria" , "twitterHandle" : "anuragkapur" , "serviced" : "false"}
2012-10-06 18:12:24,546 INFO  [com.anuragkapur.hth.twitterclient.UserStream.main()] com.anuragkapur.hth.dao.TweetsDAO  - Inserting tweet into DB :: { "_id" : "254630178137976835" , "coordinates" :  null  , "time" : "1830" , "from" : "waterloo" , "to" : "victoria" , "twitterHandle" : "bartabaka" , "serviced" : "false"}
2012-10-06 18:12:27,650 INFO  [pool-1-thread-1] com.anuragkapur.hth.dao.TweetsDAO  - Matches found and served :: anuragkapur and bartabaka
2012-10-06 18:18:41,099 INFO  [com.anuragkapur.hth.twitterclient.UserStream.main()] com.anuragkapur.hth.dao.TweetsDAO  - Inserting tweet into DB :: { "_id" : "254631756165165056" , "coordinates" :  null  , "time" : "1900" , "from" : "wimbledon" , "to" : "surbiton" , "twitterHandle" : "bartabaka" , "serviced" : "false"}
2012-10-06 18:18:56,772 INFO  [com.anuragkapur.hth.twitterclient.UserStream.main()] com.anuragkapur.hth.dao.TweetsDAO  - Inserting tweet into DB :: { "_id" : "254631823479537664" , "coordinates" :  null  , "time" : "1900" , "from" : "wimbeldon" , "to" : "surbiton" , "twitterHandle" : "anuragkapur" , "serviced" : "false"}
2012-10-06 18:21:42,914 DEBUG [pool-1-thread-1] com.anuragkapur.hth.dao.TweetsDAO  - Will look for a match for :: bartabaka
2012-10-06 18:21:42,918 DEBUG [pool-1-thread-1] com.anuragkapur.hth.dao.TweetsDAO  - No match found for :: bartabaka
2012-10-06 18:21:42,921 DEBUG [pool-1-thread-1] com.anuragkapur.hth.dao.TweetsDAO  - No match found for :: bartabaka
2012-10-06 18:21:42,921 DEBUG [pool-1-thread-1] com.anuragkapur.hth.dao.TweetsDAO  - Will look for a match for :: anuragkapur
2012-10-06 18:21:42,922 DEBUG [pool-1-thread-1] com.anuragkapur.hth.dao.TweetsDAO  - No match found for :: anuragkapur
2012-10-06 18:21:42,922 DEBUG [pool-1-thread-1] com.anuragkapur.hth.dao.TweetsDAO  - No match found for :: anuragkapur
2012-10-06 18:21:45,926 DEBUG [pool-1-thread-1] com.anuragkapur.hth.dao.TweetsDAO  - Will look for a match for :: bartabaka
2012-10-06 18:21:45,927 DEBUG [pool-1-thread-1] com.anuragkapur.hth.dao.TweetsDAO  - No match found for :: bartabaka
2012-10-06 18:21:45,928 DEBUG [pool-1-thread-1] com.anuragkapur.hth.dao.TweetsDAO  - No match found for :: bartabaka
2012-10-06 18:21:45,928 DEBUG [pool-1-thread-1] com.anuragkapur.hth.dao.TweetsDAO  - Will look for a match for :: anuragkapur
2012-10-06 18:21:45,929 DEBUG [pool-1-thread-1] com.anuragkapur.hth.dao.TweetsDAO  - No match found for :: anuragkapur
2012-10-06 18:21:45,929 DEBUG [pool-1-thread-1] com.anuragkapur.hth.dao.TweetsDAO  - No match found for :: anuragkapur
2012-10-06 18:21:48,932 DEBUG [pool-1-thread-1] com.anuragkapur.hth.dao.TweetsDAO  - Will look for a match for :: bartabaka
2012-10-06 18:21:48,933 DEBUG [pool-1-thread-1] com.anuragkapur.hth.dao.TweetsDAO  - No match found for :: bartabaka
2012-10-06 18:21:48,934 DEBUG [pool-1-thread-1] com.anuragkapur.hth.dao.TweetsDAO  - No match found for :: bartabaka
2012-10-06 18:21:48,934 DEBUG [pool-1-thread-1] com.anuragkapur.hth.dao.TweetsDAO  - Will look for a match for :: anuragkapur
2012-10-06 18:21:48,937 DEBUG [pool-1-thread-1] com.anuragkapur.hth.dao.TweetsDAO  - No match found for :: anuragkapur
2012-10-06 18:21:48,937 DEBUG [pool-1-thread-1] com.anuragkapur.hth.dao.TweetsDAO  - No match found for :: anuragkapur
2012-10-06 18:21:51,940 DEBUG [pool-1-thread-1] com.anuragkapur.hth.dao.TweetsDAO  - Will look for a match for :: bartabaka
2012-10-06 18:21:51,941 DEBUG [pool-1-thread-1] com.anuragkapur.hth.dao.TweetsDAO  - No match found for :: bartabaka
2012-10-06 18:21:51,942 DEBUG [pool-1-thread-1] com.anuragkapur.hth.dao.TweetsDAO  - No match found for :: bartabaka
2012-10-06 18:21:51,942 DEBUG [pool-1-thread-1] com.anuragkapur.hth.dao.TweetsDAO  - Will look for a match for :: anuragkapur
2012-10-06 18:21:51,943 DEBUG [pool-1-thread-1] com.anuragkapur.hth.dao.TweetsDAO  - No match found for :: anuragkapur
2012-10-06 18:21:51,943 DEBUG [pool-1-thread-1] com.anuragkapur.hth.dao.TweetsDAO  - No match found for :: anuragkapur
2012-10-06 18:23:20,890 DEBUG [pool-1-thread-1] com.anuragkapur.hth.matcher.RideMatchFinder  - Will process ride requests
2012-10-06 18:23:21,043 DEBUG [pool-1-thread-1] com.anuragkapur.hth.dao.TweetsDAO  - Will look for a match for :: bartabaka
2012-10-06 18:23:21,046 DEBUG [pool-1-thread-1] com.anuragkapur.hth.dao.TweetsDAO  - No match found for :: bartabaka
2012-10-06 18:23:21,047 DEBUG [pool-1-thread-1] com.anuragkapur.hth.dao.TweetsDAO  - No match found for :: bartabaka
2012-10-06 18:23:21,047 DEBUG [pool-1-thread-1] com.anuragkapur.hth.dao.TweetsDAO  - Will look for a match for :: anuragkapur
2012-10-06 18:23:21,048 DEBUG [pool-1-thread-1] com.anuragkapur.hth.dao.TweetsDAO  - No match found for :: anuragkapur
2012-10-06 18:23:21,048 DEBUG [pool-1-thread-1] com.anuragkapur.hth.dao.TweetsDAO  - No match found for :: anuragkapur
2012-10-06 18:23:24,049 DEBUG [pool-1-thread-1] com.anuragkapur.hth.matcher.RideMatchFinder  - Will process ride requests
2012-10-06 18:23:24,052 DEBUG [pool-1-thread-1] com.anuragkapur.hth.dao.TweetsDAO  - Will look for a match for :: bartabaka
2012-10-06 18:23:24,052 DEBUG [pool-1-thread-1] com.anuragkapur.hth.dao.TweetsDAO  - No match found for :: bartabaka
2012-10-06 18:23:24,053 DEBUG [pool-1-thread-1] com.anuragkapur.hth.dao.TweetsDAO  - No match found for :: bartabaka
2012-10-06 18:23:24,053 DEBUG [pool-1-thread-1] com.anuragkapur.hth.dao.TweetsDAO  - Will look for a match for :: anuragkapur
2012-10-06 18:23:24,054 DEBUG [pool-1-thread-1] com.anuragkapur.hth.dao.TweetsDAO  - No match found for :: anuragkapur
2012-10-06 18:23:24,054 DEBUG [pool-1-thread-1] com.anuragkapur.hth.dao.TweetsDAO  - No match found for :: anuragkapur
2012-10-06 18:23:27,055 DEBUG [pool-1-thread-1] com.anuragkapur.hth.matcher.RideMatchFinder  - Will process ride requests
2012-10-06 18:23:27,058 DEBUG [pool-1-thread-1] com.anuragkapur.hth.dao.TweetsDAO  - Will look for a match for :: bartabaka
2012-10-06 18:23:27,062 DEBUG [pool-1-thread-1] com.anuragkapur.hth.dao.TweetsDAO  - No match found for :: bartabaka
2012-10-06 18:23:27,062 DEBUG [pool-1-thread-1] com.anuragkapur.hth.dao.TweetsDAO  - No match found for :: bartabaka
2012-10-06 18:23:27,063 DEBUG [pool-1-thread-1] com.anuragkapur.hth.dao.TweetsDAO  - Will look for a match for :: anuragkapur
2012-10-06 18:23:27,064 DEBUG [pool-1-thread-1] com.anuragkapur.hth.dao.TweetsDAO  - No match found for :: anuragkapur
2012-10-06 18:23:27,064 DEBUG [pool-1-thread-1] com.anuragkapur.hth.dao.TweetsDAO  - No match found for :: anuragkapur
2012-10-06 18:23:30,065 DEBUG [pool-1-thread-1] com.anuragkapur.hth.matcher.RideMatchFinder  - Will process ride requests
2012-10-06 18:23:30,067 DEBUG [pool-1-thread-1] com.anuragkapur.hth.dao.TweetsDAO  - Will look for a match for :: bartabaka
2012-10-06 18:23:30,068 DEBUG [pool-1-thread-1] com.anuragkapur.hth.dao.TweetsDAO  - No match found for :: bartabaka
2012-10-06 18:23:30,068 DEBUG [pool-1-thread-1] com.anuragkapur.hth.dao.TweetsDAO  - No match found for :: bartabaka
2012-10-06 18:23:30,068 DEBUG [pool-1-thread-1] com.anuragkapur.hth.dao.TweetsDAO  - Will look for a match for :: anuragkapur
2012-10-06 18:23:30,069 DEBUG [pool-1-thread-1] com.anuragkapur.hth.dao.TweetsDAO  - No match found for :: anuragkapur
2012-10-06 18:23:30,069 DEBUG [pool-1-thread-1] com.anuragkapur.hth.dao.TweetsDAO  - No match found for :: anuragkapur
2012-10-06 18:23:33,070 DEBUG [pool-1-thread-1] com.anuragkapur.hth.matcher.RideMatchFinder  - Will process ride requests
2012-10-06 18:23:33,072 DEBUG [pool-1-thread-1] com.anuragkapur.hth.dao.TweetsDAO  - Will look for a match for :: bartabaka
2012-10-06 18:23:33,072 DEBUG [pool-1-thread-1] com.anuragkapur.hth.dao.TweetsDAO  - No match found for :: bartabaka
2012-10-06 18:23:33,073 DEBUG [pool-1-thread-1] com.anuragkapur.hth.dao.TweetsDAO  - No match found for :: bartabaka
2012-10-06 18:23:33,073 DEBUG [pool-1-thread-1] com.anuragkapur.hth.dao.TweetsDAO  - Will look for a match for :: anuragkapur
2012-10-06 18:23:33,073 DEBUG [pool-1-thread-1] com.anuragkapur.hth.dao.TweetsDAO  - No match found for :: anuragkapur
2012-10-06 18:23:33,074 DEBUG [pool-1-thread-1] com.anuragkapur.hth.dao.TweetsDAO  - No match found for :: anuragkapur
2012-10-06 18:27:11,806 INFO  [com.anuragkapur.hth.twitterclient.UserStream.main()] com.anuragkapur.hth.dao.TweetsDAO  - Inserting tweet into DB :: { "_id" : "254633899597115392" , "coordinates" :  null  , "time" : "1900" , "from" : "wimbledon" , "to" : "surbiton" , "twitterHandle" : "anuragkapur" , "serviced" : "false"}
2012-10-06 18:27:15,795 INFO  [pool-1-thread-1] com.anuragkapur.hth.dao.TweetsDAO  - Matches found and served :: bartabaka and anuragkapur
2012-10-06 20:10:51,182 INFO  [com.anuragkapur.hth.twitterclient.UserStream.main()] com.anuragkapur.hth.dao.TweetsDAO  - Inserting tweet into DB :: { "_id" : "254659985475260416" , "coordinates" :  null  , "time" : "2100" , "from" : "pimlico" , "to" : "clapham" , "twitterHandle" : "bartabaka" , "serviced" : "false"}
2012-10-06 20:14:33,305 INFO  [com.anuragkapur.hth.twitterclient.UserStream.main()] com.anuragkapur.hth.dao.TweetsDAO  - Inserting tweet into DB :: { "_id" : "254660917390893056" , "coordinates" :  null  , "time" : "2300" , "from" : "waterloo" , "to" : "Greenwich" , "twitterHandle" : "anuragkapur" , "serviced" : "false"}
2012-10-06 20:15:07,766 INFO  [com.anuragkapur.hth.twitterclient.UserStream.main()] com.anuragkapur.hth.dao.TweetsDAO  - Inserting tweet into DB :: { "_id" : "254661061700116481" , "coordinates" :  null  , "time" : "2100" , "from" : "pimlico" , "to" : "clapham" , "twitterHandle" : "anuragkapur" , "serviced" : "false"}
2012-10-06 20:15:10,123 INFO  [pool-1-thread-1] com.anuragkapur.hth.dao.TweetsDAO  - Matches found and served :: bartabaka and anuragkapur
2012-10-06 20:19:37,008 INFO  [com.anuragkapur.hth.twitterclient.UserStream.main()] com.anuragkapur.hth.dao.TweetsDAO  - Inserting tweet into DB :: { "_id" : "254662188747333633" , "coordinates" :  null  , "time" : "1224" , "from" : "waterloo" , "to" : "southwark" , "twitterHandle" : "pasupulaphani" , "serviced" : "false"}
2012-10-06 20:20:46,540 INFO  [com.anuragkapur.hth.twitterclient.UserStream.main()] com.anuragkapur.hth.dao.TweetsDAO  - Inserting tweet into DB :: { "_id" : "254662482436706304" , "coordinates" :  null  , "time" : "1224" , "from" : "waterloo" , "to" : "southwark" , "twitterHandle" : "pasupulaphani" , "serviced" : "false"}
2012-10-06 20:20:50,337 INFO  [pool-1-thread-1] com.anuragkapur.hth.dao.TweetsDAO  - Matches found and served :: pasupulaphani and pasupulaphani
2012-10-06 20:23:53,729 INFO  [com.anuragkapur.hth.twitterclient.UserStream.main()] com.anuragkapur.hth.dao.TweetsDAO  - Inserting tweet into DB :: { "_id" : "254663267614593024" , "coordinates" :  null  , "time" : "1224" , "from" : "ewrfwe" , "to" : "southwark" , "twitterHandle" : "pasupulaphani" , "serviced" : "false"}
2012-10-06 20:58:22,572 DEBUG [pool-1-thread-1] com.anuragkapur.hth.matcher.RideMatchFinder  - Will process ride requests
2012-10-06 20:58:22,723 DEBUG [pool-1-thread-1] com.anuragkapur.hth.dao.TweetsDAO  - No unprocessed requests
2012-10-06 20:58:25,727 DEBUG [pool-1-thread-1] com.anuragkapur.hth.matcher.RideMatchFinder  - Will process ride requests
2012-10-06 20:58:25,729 DEBUG [pool-1-thread-1] com.anuragkapur.hth.dao.TweetsDAO  - No unprocessed requests
2012-10-06 20:58:28,731 DEBUG [pool-1-thread-1] com.anuragkapur.hth.matcher.RideMatchFinder  - Will process ride requests
2012-10-06 20:58:28,732 DEBUG [pool-1-thread-1] com.anuragkapur.hth.dao.TweetsDAO  - No unprocessed requests
2012-10-06 21:01:16,062 INFO  [pool-1-thread-1] com.anuragkapur.hth.dao.TweetsDAO  - Matches found and served :: bartabaka and pasupulaphani
2012-10-06 21:11:39,142 INFO  [com.anuragkapur.hth.twitterclient.UserStream.main()] com.anuragkapur.hth.dao.TweetsDAO  - Inserting tweet into DB :: { "_id" : "254675286103293952" , "coordinates" :  null  , "time" : "2200" , "from" : "baywaters" , "to" : "oxfordStreet" , "twitterHandle" : "bartabaka" , "serviced" : "false"}
2012-10-06 21:12:18,748 INFO  [com.anuragkapur.hth.twitterclient.UserStream.main()] com.anuragkapur.hth.dao.TweetsDAO  - Inserting tweet into DB :: { "_id" : "254675452185157633" , "coordinates" :  null  , "time" : "1200" , "from" : "Commercial_Street_Elder" , "to" : "The_Commercial_Tavern" , "twitterHandle" : "pasupulaphani" , "serviced" : "false"}
2012-10-06 21:14:03,403 INFO  [com.anuragkapur.hth.twitterclient.UserStream.main()] com.anuragkapur.hth.dao.TweetsDAO  - Inserting tweet into DB :: { "_id" : "254675890892599297" , "coordinates" :  null  , "time" : "998" , "from" : "ewrfwe" , "to" : "southwark" , "twitterHandle" : "pasupulaphani" , "serviced" : "false"}
2012-10-06 21:15:35,052 INFO  [com.anuragkapur.hth.twitterclient.UserStream.main()] com.anuragkapur.hth.dao.TweetsDAO  - Inserting tweet into DB :: { "_id" : "254676275434762240" , "coordinates" :  null  , "time" : "2200" , "from" : "baywaters" , "to" : "oxfordStreet" , "twitterHandle" : "pasupulaphani" , "serviced" : "false"}
2012-10-06 21:15:39,226 INFO  [pool-1-thread-1] com.anuragkapur.hth.dao.TweetsDAO  - Matches found and served :: bartabaka and pasupulaphani
2012-10-06 21:16:05,260 INFO  [com.anuragkapur.hth.twitterclient.UserStream.main()] com.anuragkapur.hth.dao.TweetsDAO  - Inserting tweet into DB :: { "_id" : "254676402039828480" , "coordinates" :  null  , "time" : "998" , "from" : "EWRFWE" , "to" : "southwark" , "twitterHandle" : "bartabaka" , "serviced" : "false"}
2012-10-06 21:16:07,253 INFO  [pool-1-thread-1] com.anuragkapur.hth.dao.TweetsDAO  - Matches found and served :: pasupulaphani and bartabaka
2012-10-06 21:18:13,361 INFO  [com.anuragkapur.hth.twitterclient.UserStream.main()] com.anuragkapur.hth.dao.TweetsDAO  - Inserting tweet into DB :: { "_id" : "254676938671665153" , "coordinates" :  null  , "time" : "2200" , "from" : "hamptoncourt" , "to" : "kingston" , "twitterHandle" : "bartabaka" , "serviced" : "false"}
2012-10-06 21:18:48,484 INFO  [com.anuragkapur.hth.twitterclient.UserStream.main()] com.anuragkapur.hth.dao.TweetsDAO  - Inserting tweet into DB :: { "_id" : "254677086739001344" , "coordinates" :  null  , "time" : "2200" , "from" : "hampton_court" , "to" : "kingston" , "twitterHandle" : "pasupulaphani" , "serviced" : "false"}
2012-10-06 21:18:49,864 INFO  [pool-1-thread-1] com.anuragkapur.hth.dao.TweetsDAO  - Matches found and served :: bartabaka and pasupulaphani
2012-10-07 10:28:48,323 INFO  [com.anuragkapur.hth.twitterclient.UserStream.main()] com.anuragkapur.hth.dao.TweetsDAO  - Inserting tweet into DB :: { "_id" : "254875885931474944" , "coordinates" : { "type" : "Point" , "coordinates" : [ -0.08559845 , 51.52247635]} , "time" : "1100" , "from" : "victoria" , "to" : "kingston" , "twitterHandle" : "anuragkapur" , "serviced" : "false"}
2012-10-07 10:29:44,515 INFO  [com.anuragkapur.hth.twitterclient.UserStream.main()] com.anuragkapur.hth.dao.TweetsDAO  - Inserting tweet into DB :: { "_id" : "254876121752031232" , "coordinates" :  null  , "time" : "1100" , "from" : "victoria" , "to" : "kinston" , "twitterHandle" : "getaride_tom" , "serviced" : "false"}
2012-10-07 10:30:24,871 INFO  [com.anuragkapur.hth.twitterclient.UserStream.main()] com.anuragkapur.hth.dao.TweetsDAO  - Inserting tweet into DB :: { "_id" : "254876291315142656" , "coordinates" :  null  , "time" : "1100" , "from" : "victoria" , "to" : "kingston" , "twitterHandle" : "bartabaka" , "serviced" : "false"}
2012-10-07 10:30:30,387 INFO  [pool-1-thread-1] com.anuragkapur.hth.dao.TweetsDAO  - Matches found and served :: anuragkapur and bartabaka
2012-10-07 10:30:38,071 INFO  [com.anuragkapur.hth.twitterclient.UserStream.main()] com.anuragkapur.hth.dao.TweetsDAO  - Inserting tweet into DB :: { "_id" : "254876346424119296" , "coordinates" :  null  , "time" : "1100" , "from" : "victoria" , "to" : "kingston" , "twitterHandle" : "getaride_tom" , "serviced" : "false"}
2012-10-07 10:30:41,029 INFO  [pool-1-thread-1] com.anuragkapur.hth.dao.TweetsDAO  - Matches found and served :: getaride_tom and anuragkapur
2012-10-07 10:30:41,944 INFO  [pool-1-thread-1] com.anuragkapur.hth.dao.TweetsDAO  - Matches found and served :: getaride_tom and bartabaka
2012-10-07 10:32:56,617 INFO  [com.anuragkapur.hth.twitterclient.UserStream.main()] com.anuragkapur.hth.dao.TweetsDAO  - Inserting tweet into DB :: { "_id" : "254876925884002304" , "coordinates" :  null  , "time" : "1100" , "from" : "victoria" , "to" : "kingston" , "twitterHandle" : "getaride_tom" , "serviced" : "false"}
2012-10-07 10:33:00,052 INFO  [pool-1-thread-1] com.anuragkapur.hth.dao.TweetsDAO  - Matches found and served :: getaride_tom and anuragkapur
2012-10-07 10:33:00,996 INFO  [pool-1-thread-1] com.anuragkapur.hth.dao.TweetsDAO  - Matches found and served :: getaride_tom and bartabaka
2012-10-07 10:35:58,861 INFO  [com.anuragkapur.hth.twitterclient.UserStream.main()] com.anuragkapur.hth.dao.TweetsDAO  - Inserting tweet into DB :: { "_id" : "254877691763912704" , "coordinates" :  null  , "time" : "1100" , "from" : "clapham" , "to" : "oval" , "twitterHandle" : "bartabaka" , "serviced" : "false"}
2012-10-07 10:36:02,939 INFO  [com.anuragkapur.hth.twitterclient.UserStream.main()] com.anuragkapur.hth.dao.TweetsDAO  - Inserting tweet into DB :: { "_id" : "254877709094748160" , "coordinates" :  null  , "time" : "1100" , "from" : "clapham" , "to" : "oval" , "twitterHandle" : "getaride_tom" , "serviced" : "false"}
2012-10-07 10:36:05,790 INFO  [com.anuragkapur.hth.twitterclient.UserStream.main()] com.anuragkapur.hth.dao.TweetsDAO  - Inserting tweet into DB :: { "_id" : "254877721157570560" , "coordinates" : { "type" : "Point" , "coordinates" : [ -0.08555168 , 51.52250285]} , "time" : "1100" , "from" : "clapham" , "to" : "oval" , "twitterHandle" : "anuragkapur" , "serviced" : "false"}
2012-10-07 10:36:06,281 INFO  [pool-1-thread-1] com.anuragkapur.hth.dao.TweetsDAO  - Matches found and served :: bartabaka and getaride_tom
2012-10-07 10:36:10,661 INFO  [pool-1-thread-1] com.anuragkapur.hth.dao.TweetsDAO  - Matches found and served :: anuragkapur and bartabaka
2012-10-07 10:38:46,040 INFO  [com.anuragkapur.hth.twitterclient.UserStream.main()] com.anuragkapur.hth.dao.TweetsDAO  - Inserting tweet into DB :: { "_id" : "254878392707596288" , "coordinates" :  null  , "time" : "1200" , "from" : "barbican" , "to" : "stockwell" , "twitterHandle" : "bartabaka" , "serviced" : "false"}
2012-10-07 10:38:54,102 INFO  [com.anuragkapur.hth.twitterclient.UserStream.main()] com.anuragkapur.hth.dao.TweetsDAO  - Inserting tweet into DB :: { "_id" : "254878426824065024" , "coordinates" :  null  , "time" : "1200" , "from" : "barbican" , "to" : "stockwell" , "twitterHandle" : "getaride_tom" , "serviced" : "false"}
2012-10-07 10:38:58,347 INFO  [pool-1-thread-1] com.anuragkapur.hth.dao.TweetsDAO  - Matches found and served :: bartabaka and getaride_tom
2012-10-07 10:38:58,660 INFO  [com.anuragkapur.hth.twitterclient.UserStream.main()] com.anuragkapur.hth.dao.TweetsDAO  - Inserting tweet into DB :: { "_id" : "254878446168186881" , "coordinates" : { "type" : "Point" , "coordinates" : [ -0.08554414 , 51.52245454]} , "time" : "1200" , "from" : "barbican" , "to" : "stockwell" , "twitterHandle" : "anuragkapur" , "serviced" : "false"}
2012-10-07 10:39:02,321 INFO  [pool-1-thread-1] com.anuragkapur.hth.dao.TweetsDAO  - Matches found and served :: anuragkapur and bartabaka
2012-10-07 10:45:49,543 INFO  [com.anuragkapur.hth.twitterclient.UserStream.main()] com.anuragkapur.hth.dao.TweetsDAO  - Inserting tweet into DB :: { "_id" : "254880169171509249" , "coordinates" :  null  , "time" : "1123" , "from" : "dsafd" , "to" : "sdfsad" , "twitterHandle" : "ride_on_mydick" , "serviced" : "false"}
2012-10-07 10:47:39,422 INFO  [com.anuragkapur.hth.twitterclient.UserStream.main()] com.anuragkapur.hth.dao.TweetsDAO  - Inserting tweet into DB :: { "_id" : "254880630091964416" , "coordinates" :  null  , "time" : "" , "from" : "London_bridge_" , "to" : "waterloo" , "twitterHandle" : "anuragkapur" , "serviced" : "false"}
2012-10-07 10:48:53,787 INFO  [com.anuragkapur.hth.twitterclient.UserStream.main()] com.anuragkapur.hth.dao.TweetsDAO  - Inserting tweet into DB :: { "_id" : "254880942341099520" , "coordinates" :  null  , "time" : "1248" , "from" : "London_bridge" , "to" : "canary_wharf" , "twitterHandle" : "anuragkapur" , "serviced" : "false"}
2012-10-07 10:50:11,383 INFO  [com.anuragkapur.hth.twitterclient.UserStream.main()] com.anuragkapur.hth.dao.TweetsDAO  - Inserting tweet into DB :: { "_id" : "254881267466776578" , "coordinates" :  null  , "time" : "1248" , "from" : "Londonbridge" , "to" : "canarywharf" , "twitterHandle" : "bartabaka" , "serviced" : "false"}
2012-10-07 10:50:13,873 INFO  [pool-1-thread-1] com.anuragkapur.hth.dao.TweetsDAO  - Matches found and served :: anuragkapur and bartabaka
2012-10-07 11:42:16,355 INFO  [com.anuragkapur.hth.twitterclient.UserStream.main()] com.anuragkapur.hth.dao.TweetsDAO  - Inserting tweet into DB :: { "_id" : "254894373760811009" , "coordinates" :  null  , "time" : "1445" , "from" : "islington" , "to" : "paddington" , "twitterHandle" : "anuragkapur" , "serviced" : "false"}
2012-10-07 12:27:20,561 INFO  [com.anuragkapur.hth.twitterclient.UserStream.main()] com.anuragkapur.hth.dao.TweetsDAO  - Inserting tweet into DB :: { "_id" : "254905716773638144" , "coordinates" :  null  , "time" : "1227" , "from" : "London_bridge" , "to" : "southwark" , "twitterHandle" : "anuragkapur" , "serviced" : "false"}
2012-10-07 12:35:37,615 INFO  [com.anuragkapur.hth.twitterclient.UserStream.main()] com.anuragkapur.hth.dao.TweetsDAO  - Inserting tweet into DB :: { "_id" : "254907800445149184" , "coordinates" :  null  , "time" : "1235" , "from" : "Liverpool_street" , "to" : "Stratford_" , "twitterHandle" : "anuragkapur" , "serviced" : "false"}
2012-10-07 12:36:31,272 INFO  [com.anuragkapur.hth.twitterclient.UserStream.main()] com.anuragkapur.hth.dao.TweetsDAO  - Inserting tweet into DB :: { "_id" : "254908026501357568" , "coordinates" :  null  , "time" : "1235" , "from" : "liverpoolstreet" , "to" : "stratford" , "twitterHandle" : "pasupulaphani" , "serviced" : "false"}
2012-10-07 12:42:42,069 INFO  [com.anuragkapur.hth.twitterclient.UserStream.main()] com.anuragkapur.hth.dao.TweetsDAO  - Inserting tweet into DB :: { "_id" : "254909581212405760" , "coordinates" :  null  , "time" : "1300" , "from" : "islington" , "to" : "stratford" , "twitterHandle" : "bartabaka" , "serviced" : "false"}
2012-10-07 12:43:21,544 INFO  [com.anuragkapur.hth.twitterclient.UserStream.main()] com.anuragkapur.hth.dao.TweetsDAO  - Inserting tweet into DB :: { "_id" : "254909747650781184" , "coordinates" :  null  , "time" : "1300" , "from" : "islington" , "to" : "Stratford" , "twitterHandle" : "anuragkapur" , "serviced" : "false"}
2012-10-07 12:43:22,514 INFO  [pool-1-thread-1] com.anuragkapur.hth.dao.TweetsDAO  - Matches found and served :: bartabaka and anuragkapur
2012-10-07 14:08:12,919 INFO  [com.anuragkapur.hth.twitterclient.UserStream.main()] com.anuragkapur.hth.dao.TweetsDAO  - Inserting tweet into DB :: { "_id" : "254931101695500288" , "coordinates" :  null  , "time" : "1700" , "from" : "oldstreet" , "to" : "waterloo" , "twitterHandle" : "pasupulaphani" , "serviced" : "false"}
2012-10-07 14:08:39,900 INFO  [com.anuragkapur.hth.twitterclient.UserStream.main()] com.anuragkapur.hth.dao.TweetsDAO  - Inserting tweet into DB :: { "_id" : "254931215394693121" , "coordinates" :  null  , "time" : "1700" , "from" : "shoreditch" , "to" : "southwark" , "twitterHandle" : "ThisisLewy" , "serviced" : "false"}
2012-10-07 14:10:10,012 INFO  [com.anuragkapur.hth.twitterclient.UserStream.main()] com.anuragkapur.hth.dao.TweetsDAO  - Inserting tweet into DB :: { "_id" : "254931592995282946" , "coordinates" :  null  , "time" : "1700" , "from" : "shoreditch" , "to" : "embankment" , "twitterHandle" : "ThisisLewy" , "serviced" : "false"}
2012-10-07 14:10:14,337 INFO  [pool-1-thread-1] com.anuragkapur.hth.dao.TweetsDAO  - Matches found and served :: ThisisLewy and pasupulaphani
2012-10-07 14:22:20,365 INFO  [com.anuragkapur.hth.twitterclient.UserStream.main()] com.anuragkapur.hth.dao.TweetsDAO  - Inserting tweet into DB :: { "_id" : "254934656611393536" , "coordinates" :  null  , "time" : "0830" , "from" : "victoria" , "to" : "Oxford_street" , "twitterHandle" : "anuragkapur" , "serviced" : "false"}
2012-10-07 14:22:23,715 INFO  [com.anuragkapur.hth.twitterclient.UserStream.main()] com.anuragkapur.hth.dao.TweetsDAO  - Inserting tweet into DB :: { "_id" : "254934670565838849" , "coordinates" :  null  , "time" : "0830" , "from" : "victoria" , "to" : "regent_street" , "twitterHandle" : "pasupulaphani" , "serviced" : "false"}
2012-10-07 14:22:27,345 INFO  [pool-1-thread-1] com.anuragkapur.hth.dao.TweetsDAO  - Matches found and served :: anuragkapur and pasupulaphani
2012-10-07 14:23:36,629 INFO  [com.anuragkapur.hth.twitterclient.UserStream.main()] com.anuragkapur.hth.dao.TweetsDAO  - Inserting tweet into DB :: { "_id" : "254934976322215936" , "coordinates" :  null  , "time" : "1423" , "from" : "Chugh" , "to" : "ghhu" , "twitterHandle" : "anuragkapur" , "serviced" : "false"}
2012-10-07 14:39:40,356 INFO  [com.anuragkapur.hth.twitterclient.UserStream.main()] com.anuragkapur.hth.dao.TweetsDAO  - Inserting tweet into DB :: { "_id" : "254939018746265600" , "coordinates" :  null  , "time" : "1700" , "from" : "oldstreet" , "to" : "waterloo" , "twitterHandle" : "pasupulaphani" , "serviced" : "false"}
2012-10-07 14:39:40,487 INFO  [com.anuragkapur.hth.twitterclient.UserStream.main()] com.anuragkapur.hth.dao.TweetsDAO  - Inserting tweet into DB :: { "_id" : "254939019144724481" , "coordinates" :  null  , "time" : "1700" , "from" : "shoreditch" , "to" : "embankment" , "twitterHandle" : "anuragkapur" , "serviced" : "false"}
2012-10-07 14:39:43,258 INFO  [pool-1-thread-1] com.anuragkapur.hth.dao.TweetsDAO  - Matches found and served :: anuragkapur and pasupulaphani
2012-10-07 14:43:36,663 INFO  [com.anuragkapur.hth.twitterclient.UserStream.main()] com.anuragkapur.hth.dao.TweetsDAO  - Inserting tweet into DB :: { "_id" : "254940009600258049" , "coordinates" :  null  , "time" : "0830" , "from" : "victoria" , "to" : "regentstreet" , "twitterHandle" : "ThisisLewy" , "serviced" : "false"}
2012-10-07 14:43:52,742 INFO  [com.anuragkapur.hth.twitterclient.UserStream.main()] com.anuragkapur.hth.dao.TweetsDAO  - Inserting tweet into DB :: { "_id" : "254940077153726465" , "coordinates" :  null  , "time" : "0830" , "from" : "Victoria" , "to" : "Oxford_street" , "twitterHandle" : "anuragkapur" , "serviced" : "false"}
2012-10-07 14:43:58,039 INFO  [pool-1-thread-1] com.anuragkapur.hth.dao.TweetsDAO  - Matches found and served :: ThisisLewy and anuragkapur
2012-10-07 14:54:49,678 INFO  [com.anuragkapur.hth.twitterclient.UserStream.main()] com.anuragkapur.hth.dao.TweetsDAO  - Inserting tweet into DB :: { "_id" : "254942832471715840" , "coordinates" :  null  , "time" : "0100" , "from" : "shoreditch" , "to" : "embankment" , "twitterHandle" : "anuragkapur" , "serviced" : "false"}
2012-10-07 14:55:19,034 INFO  [com.anuragkapur.hth.twitterclient.UserStream.main()] com.anuragkapur.hth.dao.TweetsDAO  - Inserting tweet into DB :: { "_id" : "254942955452907520" , "coordinates" :  null  , "time" : "0100" , "from" : "oldstreet" , "to" : "waterloo" , "twitterHandle" : "pasupulaphani" , "serviced" : "false"}
2012-10-07 14:55:22,721 INFO  [pool-1-thread-1] com.anuragkapur.hth.dao.TweetsDAO  - Matches found and served :: anuragkapur and pasupulaphani
2012-10-07 14:57:12,961 INFO  [com.anuragkapur.hth.twitterclient.UserStream.main()] com.anuragkapur.hth.dao.TweetsDAO  - Inserting tweet into DB :: { "_id" : "254943431397355523" , "coordinates" :  null  , "time" : "0100" , "from" : "shoreditch" , "to" : "embankment" , "twitterHandle" : "anuragkapur" , "serviced" : "false"}
2012-10-07 14:58:00,625 INFO  [com.anuragkapur.hth.twitterclient.UserStream.main()] com.anuragkapur.hth.dao.TweetsDAO  - Inserting tweet into DB :: { "_id" : "254943633403424768" , "coordinates" :  null  , "time" : "0100" , "from" : "oldstreet" , "to" : "waterloo" , "twitterHandle" : "pasupulaphani" , "serviced" : "false"}
2012-10-07 14:58:04,198 INFO  [pool-1-thread-1] com.anuragkapur.hth.dao.TweetsDAO  - Matches found and served :: anuragkapur and pasupulaphani
2012-10-07 15:10:15,440 INFO  [com.anuragkapur.hth.twitterclient.UserStream.main()] com.anuragkapur.hth.dao.TweetsDAO  - Inserting tweet into DB :: { "_id" : "254946715373821952" , "coordinates" :  null  , "time" : "0100" , "from" : "shoreditch" , "to" : "embankment" , "twitterHandle" : "anuragkapur" , "serviced" : "false"}
2012-10-07 15:10:44,084 INFO  [com.anuragkapur.hth.twitterclient.UserStream.main()] com.anuragkapur.hth.dao.TweetsDAO  - Inserting tweet into DB :: { "_id" : "254946835456749568" , "coordinates" :  null  , "time" : "0100" , "from" : "oldstreet" , "to" : "waterloo" , "twitterHandle" : "pasupulaphani" , "serviced" : "false"}
2012-10-07 15:10:46,726 INFO  [pool-1-thread-1] com.anuragkapur.hth.dao.TweetsDAO  - Matches found and served :: anuragkapur and pasupulaphani
2012-10-07 15:12:49,835 INFO  [com.anuragkapur.hth.twitterclient.UserStream.main()] com.anuragkapur.hth.dao.TweetsDAO  - Inserting tweet into DB :: { "_id" : "254947363062427648" , "coordinates" :  null  , "time" : "1512" , "from" : "bddhjc" , "to" : "chuffing" , "twitterHandle" : "anuragkapur" , "serviced" : "false"}
2012-10-07 16:18:47,736 INFO  [com.anuragkapur.hth.twitterclient.UserStream.main()] com.anuragkapur.hth.dao.TweetsDAO  - Inserting tweet into DB :: { "_id" : "254963963148787713" , "coordinates" :  null  , "time" : "1200" , "from" : "gfdhg" , "to" : "ygrrff" , "twitterHandle" : "ThisisLewy" , "serviced" : "false"}
2012-10-07 16:26:29,332 INFO  [com.anuragkapur.hth.twitterclient.UserStream.main()] com.anuragkapur.hth.dao.TweetsDAO  - Inserting tweet into DB :: { "_id" : "254965899897999360" , "coordinates" :  null  , "time" : "1626" , "from" : "fghfddf" , "to" : "theyhh" , "twitterHandle" : "anuragkapur" , "serviced" : "false"}
2012-10-07 16:38:13,065 INFO  [com.anuragkapur.hth.twitterclient.UserStream.main()] com.anuragkapur.hth.dao.TweetsDAO  - Inserting tweet into DB :: { "_id" : "254968851597516800" , "coordinates" :  null  , "time" : "1638" , "from" : "hgfdrr" , "to" : "fguuyff" , "twitterHandle" : "anuragkapur" , "serviced" : "false"}
2012-10-07 16:44:00,347 INFO  [com.anuragkapur.hth.twitterclient.UserStream.main()] com.anuragkapur.hth.dao.TweetsDAO  - Inserting tweet into DB :: { "_id" : "254970307985698816" , "coordinates" :  null  , "time" : "0100" , "from" : "shoreditch" , "to" : "embankment" , "twitterHandle" : "anuragkapur" , "serviced" : "false"}
2012-10-07 16:44:18,269 INFO  [com.anuragkapur.hth.twitterclient.UserStream.main()] com.anuragkapur.hth.dao.TweetsDAO  - Inserting tweet into DB :: { "_id" : "254970383034376192" , "coordinates" :  null  , "time" : "0100" , "from" : "oldstreet" , "to" : "waterloo" , "twitterHandle" : "pasupulaphani" , "serviced" : "false"}
2012-10-07 16:44:23,967 INFO  [pool-1-thread-1] com.anuragkapur.hth.dao.TweetsDAO  - Matches found and served :: anuragkapur and pasupulaphani
2012-10-07 16:45:22,370 INFO  [com.anuragkapur.hth.twitterclient.UserStream.main()] com.anuragkapur.hth.dao.TweetsDAO  - Inserting tweet into DB :: { "_id" : "254970652015067137" , "coordinates" :  null  , "time" : "0830" , "from" : "victoria" , "to" : "Oxford_street" , "twitterHandle" : "anuragkapur" , "serviced" : "false"}
2012-10-07 16:45:27,386 INFO  [com.anuragkapur.hth.twitterclient.UserStream.main()] com.anuragkapur.hth.dao.TweetsDAO  - Inserting tweet into DB :: { "_id" : "254970672764309504" , "coordinates" :  null  , "time" : "0830" , "from" : "victoria" , "to" : "regentstreet" , "twitterHandle" : "ThisisLewy" , "serviced" : "false"}
2012-10-07 16:45:31,459 INFO  [pool-1-thread-1] com.anuragkapur.hth.dao.TweetsDAO  - Matches found and served :: anuragkapur and ThisisLewy
